<?xml version="1.0" encoding="UTF-8"?>
<!-- Generated by org.testng.reporters.JUnitReportReporter -->
<testsuite hostname="DESKTOP-OIOV4OD" failures="0" tests="2" name="testNGLearn.NationalityTests" time="8.581" errors="0" timestamp="2024-02-28T13:08:52 IST" skipped="0">
  <testcase classname="testNGLearn.NationalityTests" name="getCountries" time="4.182"/>
  <testcase classname="testNGLearn.NationalityTests" name="getNationalities" time="4.399"/>
</testsuite> <!-- testNGLearn.NationalityTests -->
