<?xml version="1.0" encoding="UTF-8"?>
<!-- Generated by org.testng.reporters.JUnitReportReporter -->
<testsuite hostname="DESKTOP-OIOV4OD" failures="0" tests="2" name="testNGLearn.TestLearning" time="0.010" errors="0" timestamp="2024-02-21T22:12:48 IST" skipped="0">
  <testcase classname="testNGLearn.TestLearning" name="hello" time="0.007"/>
  <testcase classname="testNGLearn.TestLearning" name="hello1" time="0.003"/>
</testsuite> <!-- testNGLearn.TestLearning -->
