<?xml version="1.0" encoding="UTF-8"?>
<!-- Generated by org.testng.reporters.JUnitReportReporter -->
<testsuite hostname="DESKTOP-OIOV4OD" failures="0" tests="1" name="testNGLearn.LoginValidation" time="1.707" errors="0" timestamp="2024-02-28T12:57:49 IST" skipped="0">
  <testcase classname="testNGLearn.LoginValidation" name="f" time="1.707"/>
</testsuite> <!-- testNGLearn.LoginValidation -->
